<?xml version="1.0" encoding="UTF-8"?>
<!-- Generated by org.testng.reporters.JUnitReportReporter -->
<testsuite hostname="User-PC" failures="0" tests="1" name="qsp.DemoAssertion" time="223.277" errors="0" timestamp="2022-06-16T13:24:47 IST" skipped="0">
  <testcase classname="qsp.DemoAssertion" name="verifytitle" time="223.277"/>
  <system-out/>
</testsuite> <!-- qsp.DemoAssertion -->
