<?xml version="1.0" encoding="UTF-8"?>
<!-- Generated by org.testng.reporters.JUnitReportReporter -->
<testsuite hostname="User-PC" failures="0" tests="2" name="qsp.customermodule" time="0.086" errors="0" timestamp="2022-06-17T11:46:51 IST" skipped="0">
  <testcase classname="qsp.customermodule" name="modifycustomer" time="0.051"/>
  <system-out>
    <![CDATA[modifycustomer]]>
  </system-out>
  <testcase classname="qsp.customermodule" name="createcustomer" time="0.035"/>
  <system-out>
    <![CDATA[creatcustomer]]>
  </system-out>
</testsuite> <!-- qsp.customermodule -->
