<?xml version="1.0" encoding="UTF-8"?>
<!-- Generated by org.testng.reporters.JUnitReportReporter -->
<testsuite hostname="User-PC" failures="0" tests="4" name="qsp.customermodule1" time="0.074" errors="0" timestamp="2022-06-17T12:11:17 IST" skipped="0">
  <testcase classname="qsp.customermodule1" name="deletcustomer" time="0.032"/>
  <system-out>
    <![CDATA[deletcustomer]]>
  </system-out>
  <testcase classname="qsp.customermodule1" name="registercustomer" time="0.013"/>
  <system-out>
    <![CDATA[registercustomer]]>
  </system-out>
  <testcase classname="qsp.customermodule1" name="editcustomer" time="0.015"/>
  <system-out>
    <![CDATA[editcustomer]]>
  </system-out>
  <testcase classname="qsp.customermodule1" name="editcustomer" time="0.014"/>
  <system-out>
    <![CDATA[editcustomer]]>
  </system-out>
</testsuite> <!-- qsp.customermodule1 -->
